Build started 2014-05-16 13:44:17.
     1>Project "C:\Users\Addare\Documents\Visual Studio 2010\Projects\Magicannon\Magicannon\Magicannon.vcxproj" on node 2 (build target(s)).
     1>InitializeBuildStatus:
         Touching "Debug\Magicannon.unsuccessfulbuild".
       ClCompile:
         C:\Program Files (x86)\Microsoft Visual Studio 10.0\VC\bin\CL.exe /c /ZI /nologo /W3 /WX- /Od /Oy- /D _MBCS /Gm /EHsc /RTC1 /MD /GS /fp:precise /Zc:wchar_t /Zc:forScope /Fo"Debug\\" /Fd"Debug\vc100.pdb" /Gd /TP /analyze- /errorReport:prompt Actionsequence.cpp Collisionmanager.cpp Effect.cpp Enemy.cpp Entitymanager.cpp Frame.cpp Globalfunctions.cpp Graphic.cpp Graphicentity.cpp Interactiveentity.cpp Main.cpp Mapobject.cpp Npc.cpp Player.cpp Projectile.cpp Spell.cpp Spellmanager.cpp Status.cpp Timer.cpp Trigger.cpp Unit.cpp Window.cpp World.cpp
         World.cpp
         Window.cpp
         Unit.cpp
     1>c:\users\addare\documents\visual studio 2010\projects\magicannon\magicannon\unit.cpp : warning C4819: The file contains a character that cannot be represented in the current code page (932). Save the file in Unicode format to prevent data loss
         Trigger.cpp
         Timer.cpp
         Status.cpp
     1>c:\users\addare\documents\visual studio 2010\projects\magicannon\magicannon\status.cpp(17): warning C4101: 'tempduration' : unreferenced local variable
         Spellmanager.cpp
         Spell.cpp
     1>c:\users\addare\documents\visual studio 2010\projects\magicannon\magicannon\spell.cpp : warning C4819: The file contains a character that cannot be represented in the current code page (932). Save the file in Unicode format to prevent data loss
         Projectile.cpp
     1>c:\users\addare\documents\visual studio 2010\projects\magicannon\magicannon\projectile.cpp : warning C4819: The file contains a character that cannot be represented in the current code page (932). Save the file in Unicode format to prevent data loss
         Player.cpp
         Npc.cpp
         Mapobject.cpp
         Main.cpp
         Interactiveentity.cpp
         Graphicentity.cpp
         Graphic.cpp
         Globalfunctions.cpp
         Frame.cpp
         Entitymanager.cpp
     1>c:\users\addare\documents\visual studio 2010\projects\magicannon\magicannon\entitymanager.cpp : warning C4819: The file contains a character that cannot be represented in the current code page (932). Save the file in Unicode format to prevent data loss
         Enemy.cpp
         Generating Code...
         Compiling...
         Effect.cpp
         Collisionmanager.cpp
         Actionsequence.cpp
         Generating Code...
       Link:
         C:\Program Files (x86)\Microsoft Visual Studio 10.0\VC\bin\link.exe /ERRORREPORT:PROMPT /OUT:"C:\Users\Addare\Documents\Visual Studio 2010\Projects\Magicannon\Debug\Magicannon.exe" /NOLOGO SDL.lib SDLmain.lib SDL_ttf.lib SDL_mixer.lib SDL_image.lib kernel32.lib user32.lib gdi32.lib winspool.lib comdlg32.lib advapi32.lib shell32.lib ole32.lib oleaut32.lib uuid.lib odbc32.lib odbccp32.lib /MANIFEST /ManifestFile:"Debug\Magicannon.exe.intermediate.manifest" /MANIFESTUAC:"level='asInvoker' uiAccess='false'" /DEBUG /PDB:"C:\Users\Addare\Documents\Visual Studio 2010\Projects\Magicannon\Debug\Magicannon.pdb" /SUBSYSTEM:CONSOLE /TLBID:1 /DYNAMICBASE /NXCOMPAT /IMPLIB:"C:\Users\Addare\Documents\Visual Studio 2010\Projects\Magicannon\Debug\Magicannon.lib" /MACHINE:X86 Debug\Actionsequence.obj
         Debug\AI.obj
         Debug\Collisionmanager.obj
         Debug\Effect.obj
         Debug\Enemy.obj
         Debug\Entitymanager.obj
         Debug\Frame.obj
         Debug\Globalfunctions.obj
         Debug\Graphic.obj
         Debug\Graphicentity.obj
         Debug\Interactiveentity.obj
         Debug\Main.obj
         Debug\Mapobject.obj
         Debug\Npc.obj
         Debug\Player.obj
         Debug\Projectile.obj
         Debug\Spell.obj
         Debug\Spellmanager.obj
         Debug\Status.obj
         Debug\Timer.obj
         Debug\Trigger.obj
         Debug\Unit.obj
         Debug\Window.obj
         Debug\World.obj
         Magicannon.vcxproj -> C:\Users\Addare\Documents\Visual Studio 2010\Projects\Magicannon\Debug\Magicannon.exe
       Manifest:
         C:\Program Files (x86)\Microsoft SDKs\Windows\v7.0A\bin\mt.exe /nologo /verbose /outputresource:"C:\Users\Addare\Documents\Visual Studio 2010\Projects\Magicannon\Debug\Magicannon.exe;#1" /manifest Debug\Magicannon.exe.intermediate.manifest
       FinalizeBuildStatus:
         Deleting file "Debug\Magicannon.unsuccessfulbuild".
         Touching "Debug\Magicannon.lastbuildstate".
     1>Done Building Project "C:\Users\Addare\Documents\Visual Studio 2010\Projects\Magicannon\Magicannon\Magicannon.vcxproj" (build target(s)).

Build succeeded.

Time Elapsed 00:00:10.23
