C:\USERS\ADDARE\DOCUMENTS\VISUAL STUDIO 2010\PROJECTS\MAGICANNON\DEBUG\MAGICANNON.EXE
C:\USERS\ADDARE\DOCUMENTS\VISUAL STUDIO 2010\PROJECTS\MAGICANNON\DEBUG\MAGICANNON.ILK
C:\USERS\ADDARE\DOCUMENTS\VISUAL STUDIO 2010\PROJECTS\MAGICANNON\DEBUG\MAGICANNON.PDB
C:\USERS\ADDARE\DOCUMENTS\VISUAL STUDIO 2010\PROJECTS\MAGICANNON\MAGICANNON\DEBUG\ACTIONSEQUENCE.OBJ
C:\Users\Addare\Documents\Visual Studio 2010\Projects\Magicannon\Magicannon\Debug\cl.command.1.tlog
C:\Users\Addare\Documents\Visual Studio 2010\Projects\Magicannon\Magicannon\Debug\CL.read.1.tlog
C:\Users\Addare\Documents\Visual Studio 2010\Projects\Magicannon\Magicannon\Debug\CL.write.1.tlog
C:\USERS\ADDARE\DOCUMENTS\VISUAL STUDIO 2010\PROJECTS\MAGICANNON\MAGICANNON\DEBUG\EFFECT.OBJ
C:\USERS\ADDARE\DOCUMENTS\VISUAL STUDIO 2010\PROJECTS\MAGICANNON\MAGICANNON\DEBUG\ENEMY.OBJ
C:\USERS\ADDARE\DOCUMENTS\VISUAL STUDIO 2010\PROJECTS\MAGICANNON\MAGICANNON\DEBUG\ENTITYMANAGER.OBJ
C:\USERS\ADDARE\DOCUMENTS\VISUAL STUDIO 2010\PROJECTS\MAGICANNON\MAGICANNON\DEBUG\FRAME.OBJ
C:\USERS\ADDARE\DOCUMENTS\VISUAL STUDIO 2010\PROJECTS\MAGICANNON\MAGICANNON\DEBUG\GLOBALFUNCTIONS.OBJ
C:\USERS\ADDARE\DOCUMENTS\VISUAL STUDIO 2010\PROJECTS\MAGICANNON\MAGICANNON\DEBUG\GRAPHIC.OBJ
C:\USERS\ADDARE\DOCUMENTS\VISUAL STUDIO 2010\PROJECTS\MAGICANNON\MAGICANNON\DEBUG\GRAPHICENTITY.OBJ
C:\USERS\ADDARE\DOCUMENTS\VISUAL STUDIO 2010\PROJECTS\MAGICANNON\MAGICANNON\DEBUG\INTERACTIVEENTITY.OBJ
C:\Users\Addare\Documents\Visual Studio 2010\Projects\Magicannon\Magicannon\Debug\link.command.1.tlog
C:\Users\Addare\Documents\Visual Studio 2010\Projects\Magicannon\Magicannon\Debug\link.read.1.tlog
C:\Users\Addare\Documents\Visual Studio 2010\Projects\Magicannon\Magicannon\Debug\link.write.1.tlog
C:\USERS\ADDARE\DOCUMENTS\VISUAL STUDIO 2010\PROJECTS\MAGICANNON\MAGICANNON\DEBUG\MAGICANNON.EXE.INTERMEDIATE.MANIFEST
C:\USERS\ADDARE\DOCUMENTS\VISUAL STUDIO 2010\PROJECTS\MAGICANNON\MAGICANNON\DEBUG\MAIN.OBJ
C:\Users\Addare\Documents\Visual Studio 2010\Projects\Magicannon\Magicannon\Debug\mt.command.1.tlog
C:\Users\Addare\Documents\Visual Studio 2010\Projects\Magicannon\Magicannon\Debug\mt.read.1.tlog
C:\Users\Addare\Documents\Visual Studio 2010\Projects\Magicannon\Magicannon\Debug\mt.write.1.tlog
C:\USERS\ADDARE\DOCUMENTS\VISUAL STUDIO 2010\PROJECTS\MAGICANNON\MAGICANNON\DEBUG\NPC.OBJ
C:\USERS\ADDARE\DOCUMENTS\VISUAL STUDIO 2010\PROJECTS\MAGICANNON\MAGICANNON\DEBUG\PLAYER.OBJ
C:\USERS\ADDARE\DOCUMENTS\VISUAL STUDIO 2010\PROJECTS\MAGICANNON\MAGICANNON\DEBUG\PROJECTILE.OBJ
C:\USERS\ADDARE\DOCUMENTS\VISUAL STUDIO 2010\PROJECTS\MAGICANNON\MAGICANNON\DEBUG\SPELL.OBJ
C:\USERS\ADDARE\DOCUMENTS\VISUAL STUDIO 2010\PROJECTS\MAGICANNON\MAGICANNON\DEBUG\SPELLMANAGER.OBJ
C:\USERS\ADDARE\DOCUMENTS\VISUAL STUDIO 2010\PROJECTS\MAGICANNON\MAGICANNON\DEBUG\TIMER.OBJ
C:\USERS\ADDARE\DOCUMENTS\VISUAL STUDIO 2010\PROJECTS\MAGICANNON\MAGICANNON\DEBUG\TRIGGER.OBJ
C:\USERS\ADDARE\DOCUMENTS\VISUAL STUDIO 2010\PROJECTS\MAGICANNON\MAGICANNON\DEBUG\UNIT.OBJ
C:\Users\Addare\Documents\Visual Studio 2010\Projects\Magicannon\Magicannon\Debug\vc100.idb
C:\USERS\ADDARE\DOCUMENTS\VISUAL STUDIO 2010\PROJECTS\MAGICANNON\MAGICANNON\DEBUG\VC100.PDB
C:\USERS\ADDARE\DOCUMENTS\VISUAL STUDIO 2010\PROJECTS\MAGICANNON\MAGICANNON\DEBUG\WINDOW.OBJ
C:\USERS\ADDARE\DOCUMENTS\VISUAL STUDIO 2010\PROJECTS\MAGICANNON\MAGICANNON\DEBUG\WORLD.OBJ
